[debug] [2025-08-11T12:24:34.668Z] ----------------------------------------------------------------------
[debug] [2025-08-11T12:24:34.671Z] Command:       C:\Program Files\nodejs\node.exe C:\Users\Warona\AppData\Roaming\npm\node_modules\firebase-tools\lib\bin\firebase.js init
[debug] [2025-08-11T12:24:34.672Z] CLI Version:   14.12.0
[debug] [2025-08-11T12:24:34.672Z] Platform:      win32
[debug] [2025-08-11T12:24:34.672Z] Node Version:  v22.15.1
[debug] [2025-08-11T12:24:34.673Z] Time:          Mon Aug 11 2025 14:24:34 GMT+0200 (South Africa Standard Time)
[debug] [2025-08-11T12:24:34.673Z] ----------------------------------------------------------------------
[debug] 
[debug] [2025-08-11T12:24:34.676Z] >>> [apiv2][query] GET https://firebase-public.firebaseio.com/cli.json [none]
[debug] [2025-08-11T12:24:34.734Z] > command requires scopes: ["email","openid","https://www.googleapis.com/auth/cloudplatformprojects.readonly","https://www.googleapis.com/auth/firebase","https://www.googleapis.com/auth/cloud-platform"]
[debug] [2025-08-11T12:24:34.734Z] > authorizing via signed-in user (tshepisomakuoa02@gmail.com)
[info] 
     ######## #### ########  ######## ########     ###     ######  ########
     ##        ##  ##     ## ##       ##     ##  ##   ##  ##       ##
     ######    ##  ########  ######   ########  #########  ######  ######
     ##        ##  ##    ##  ##       ##     ## ##     ##       ## ##
     ##       #### ##     ## ######## ########  ##     ##  ######  ########

You're about to initialize a Firebase project in this directory:

  C:\Users\Warona\FinalIrrigation

[debug] [2025-08-11T12:24:37.218Z] *** [apiv2] error from fetch(https://firebase-public.firebaseio.com/cli.json, {"headers":{},"method":"GET"}): FetchError: request to https://firebase-public.firebaseio.com/cli.json failed, reason: read ECONNRESET
[warn] !  Unable to fetch the CLI MOTD and remote config. This is not a fatal error, but may indicate an issue with your network connection. 
[debug] [2025-08-11T12:24:37.221Z] Failed to fetch MOTD FirebaseError: Failed to make request to https://firebase-public.firebaseio.com/cli.json
[info] 
=== Project Setup
[info] 
[info] First, let's associate this project directory with a Firebase project.
[info] You can create multiple project aliases by running firebase use --add, 
[info] but for now we'll just set up a default project.
[info] 
[debug] [2025-08-11T12:25:05.542Z] Checked if tokens are valid: false, expires at: 1753777365100
[debug] [2025-08-11T12:25:05.542Z] Checked if tokens are valid: false, expires at: 1753777365100
[debug] [2025-08-11T12:25:05.543Z] > refreshing access token with scopes: []
[debug] [2025-08-11T12:25:05.558Z] >>> [apiv2][query] POST https://www.googleapis.com/oauth2/v3/token [none]
[debug] [2025-08-11T12:25:05.559Z] >>> [apiv2][body] POST https://www.googleapis.com/oauth2/v3/token [omitted]
[debug] [2025-08-11T12:25:07.149Z] <<< [apiv2][status] POST https://www.googleapis.com/oauth2/v3/token 200
[debug] [2025-08-11T12:25:07.150Z] <<< [apiv2][body] POST https://www.googleapis.com/oauth2/v3/token [omitted]
[debug] [2025-08-11T12:25:07.165Z] >>> [apiv2][query] GET https://firebase.googleapis.com/v1beta1/projects pageSize=100
[debug] [2025-08-11T12:25:08.613Z] <<< [apiv2][status] GET https://firebase.googleapis.com/v1beta1/projects 200
[debug] [2025-08-11T12:25:08.614Z] <<< [apiv2][body] GET https://firebase.googleapis.com/v1beta1/projects [omitted]
[debug] [2025-08-11T12:27:30.959Z] ExitPromptError: User force closed the prompt with SIGINT
    at Interface.sigint (C:\Users\Warona\AppData\Roaming\npm\node_modules\firebase-tools\node_modules\@inquirer\core\dist\commonjs\lib\create-prompt.js:101:37)
    at Interface.emit (node:events:518:28)
    at Interface.emit (node:domain:489:12)
    at [_ttyWrite] [as _ttyWrite] (node:internal/readline/interface:1128:18)
    at ReadStream.onkeypress (node:internal/readline/interface:267:20)
    at ReadStream.emit (node:events:530:35)
    at ReadStream.emit (node:domain:489:12)
    at emitKeys (node:internal/readline/utils:370:14)
    at emitKeys.next (<anonymous>)
    at ReadStream.onData (node:internal/readline/emitKeypressEvents:64:36)
[error] 
[error] Error: An unexpected error has occurred.
[debug] [2025-08-11T12:33:48.385Z] ----------------------------------------------------------------------
[debug] [2025-08-11T12:33:48.392Z] Command:       C:\Program Files\nodejs\node.exe C:\Users\Warona\AppData\Roaming\npm\node_modules\firebase-tools\lib\bin\firebase.js login
[debug] [2025-08-11T12:33:48.393Z] CLI Version:   14.12.0
[debug] [2025-08-11T12:33:48.393Z] Platform:      win32
[debug] [2025-08-11T12:33:48.393Z] Node Version:  v22.15.1
[debug] [2025-08-11T12:33:48.393Z] Time:          Mon Aug 11 2025 14:33:48 GMT+0200 (South Africa Standard Time)
[debug] [2025-08-11T12:33:48.393Z] ----------------------------------------------------------------------
[debug] 
[debug] [2025-08-11T12:33:48.396Z] >>> [apiv2][query] GET https://firebase-public.firebaseio.com/cli.json [none]
[info] Already logged in as tshepisomakuoa02@gmail.com
[debug] [2025-08-11T12:33:55.370Z] Error: Timed out.
    at Timeout.<anonymous> (C:\Users\Warona\AppData\Roaming\npm\node_modules\firebase-tools\lib\utils.js:272:49)
    at listOnTimeout (node:internal/timers:588:17)
    at process.processTimers (node:internal/timers:523:7)
[error] 
[error] Error: An unexpected error has occurred.
[debug] [2025-08-11T12:34:00.697Z] ----------------------------------------------------------------------
[debug] [2025-08-11T12:34:00.700Z] Command:       C:\Program Files\nodejs\node.exe C:\Users\Warona\AppData\Roaming\npm\node_modules\firebase-tools\lib\bin\firebase.js init hosting
[debug] [2025-08-11T12:34:00.700Z] CLI Version:   14.12.0
[debug] [2025-08-11T12:34:00.700Z] Platform:      win32
[debug] [2025-08-11T12:34:00.700Z] Node Version:  v22.15.1
[debug] [2025-08-11T12:34:00.701Z] Time:          Mon Aug 11 2025 14:34:00 GMT+0200 (South Africa Standard Time)
[debug] [2025-08-11T12:34:00.701Z] ----------------------------------------------------------------------
[debug] 
[debug] [2025-08-11T12:34:00.703Z] >>> [apiv2][query] GET https://firebase-public.firebaseio.com/cli.json [none]
[debug] [2025-08-11T12:34:00.748Z] > command requires scopes: ["email","openid","https://www.googleapis.com/auth/cloudplatformprojects.readonly","https://www.googleapis.com/auth/firebase","https://www.googleapis.com/auth/cloud-platform"]
[debug] [2025-08-11T12:34:00.748Z] > authorizing via signed-in user (tshepisomakuoa02@gmail.com)
[info] 
     ######## #### ########  ######## ########     ###     ######  ########
     ##        ##  ##     ## ##       ##     ##  ##   ##  ##       ##
     ######    ##  ########  ######   ########  #########  ######  ######
     ##        ##  ##    ##  ##       ##     ## ##     ##       ## ##
     ##       #### ##     ## ######## ########  ##     ##  ######  ########

You're about to initialize a Firebase project in this directory:

  C:\Users\Warona\FinalIrrigation

[info] 
=== Project Setup
[info] 
[info] First, let's associate this project directory with a Firebase project.
[info] You can create multiple project aliases by running firebase use --add, 
[info] but for now we'll just set up a default project.
[info] 
[debug] [2025-08-11T12:34:06.072Z] <<< [apiv2][status] GET https://firebase-public.firebaseio.com/cli.json 200
[debug] [2025-08-11T12:34:06.072Z] <<< [apiv2][body] GET https://firebase-public.firebaseio.com/cli.json {"cloudBuildErrorAfter":1594252800000,"cloudBuildWarnAfter":1590019200000,"defaultNode10After":1594252800000,"minVersion":"3.0.5","node8DeploysDisabledAfter":1613390400000,"node8RuntimeDisabledAfter":1615809600000,"node8WarnAfter":1600128000000}
[debug] [2025-08-11T12:34:07.758Z] Checked if tokens are valid: true, expires at: 1754918706150
[debug] [2025-08-11T12:34:07.758Z] Checked if tokens are valid: true, expires at: 1754918706150
[debug] [2025-08-11T12:34:07.759Z] >>> [apiv2][query] GET https://firebase.googleapis.com/v1beta1/projects pageSize=100
[debug] [2025-08-11T12:34:10.759Z] <<< [apiv2][status] GET https://firebase.googleapis.com/v1beta1/projects 200
[debug] [2025-08-11T12:34:10.759Z] <<< [apiv2][body] GET https://firebase.googleapis.com/v1beta1/projects [omitted]
[debug] [2025-08-11T12:34:25.312Z] ExitPromptError: User force closed the prompt with SIGINT
    at Interface.sigint (C:\Users\Warona\AppData\Roaming\npm\node_modules\firebase-tools\node_modules\@inquirer\core\dist\commonjs\lib\create-prompt.js:101:37)
    at Interface.emit (node:events:518:28)
    at Interface.emit (node:domain:489:12)
    at [_ttyWrite] [as _ttyWrite] (node:internal/readline/interface:1128:18)
    at ReadStream.onkeypress (node:internal/readline/interface:267:20)
    at ReadStream.emit (node:events:530:35)
    at ReadStream.emit (node:domain:489:12)
    at emitKeys (node:internal/readline/utils:370:14)
    at emitKeys.next (<anonymous>)
    at ReadStream.onData (node:internal/readline/emitKeypressEvents:64:36)
[error] 
[error] Error: An unexpected error has occurred.
[debug] [2025-08-11T12:34:30.440Z] ----------------------------------------------------------------------
[debug] [2025-08-11T12:34:30.442Z] Command:       C:\Program Files\nodejs\node.exe C:\Users\Warona\AppData\Roaming\npm\node_modules\firebase-tools\lib\bin\firebase.js init hosting
[debug] [2025-08-11T12:34:30.443Z] CLI Version:   14.12.0
[debug] [2025-08-11T12:34:30.443Z] Platform:      win32
[debug] [2025-08-11T12:34:30.443Z] Node Version:  v22.15.1
[debug] [2025-08-11T12:34:30.443Z] Time:          Mon Aug 11 2025 14:34:30 GMT+0200 (South Africa Standard Time)
[debug] [2025-08-11T12:34:30.443Z] ----------------------------------------------------------------------
[debug] 
[debug] [2025-08-11T12:34:30.449Z] > command requires scopes: ["email","openid","https://www.googleapis.com/auth/cloudplatformprojects.readonly","https://www.googleapis.com/auth/firebase","https://www.googleapis.com/auth/cloud-platform"]
[debug] [2025-08-11T12:34:30.449Z] > authorizing via signed-in user (tshepisomakuoa02@gmail.com)
[info] 
     ######## #### ########  ######## ########     ###     ######  ########
     ##        ##  ##     ## ##       ##     ##  ##   ##  ##       ##
     ######    ##  ########  ######   ########  #########  ######  ######
     ##        ##  ##    ##  ##       ##     ## ##     ##       ## ##
     ##       #### ##     ## ######## ########  ##     ##  ######  ########

You're about to initialize a Firebase project in this directory:

  C:\Users\Warona\FinalIrrigation

[info] 
=== Project Setup
[info] 
[info] First, let's associate this project directory with a Firebase project.
[info] You can create multiple project aliases by running firebase use --add, 
[info] but for now we'll just set up a default project.
[info] 
[info] i  If you want to create a project in a Google Cloud organization or folder, please use "firebase projects:create" instead, and return to this command when you've created the project. 
[debug] [2025-08-11T12:35:36.700Z] Checked if tokens are valid: true, expires at: 1754918706150
[debug] [2025-08-11T12:35:36.700Z] Checked if tokens are valid: true, expires at: 1754918706150
[debug] [2025-08-11T12:35:36.703Z] >>> [apiv2][query] POST https://firebase.googleapis.com/v1/projects:checkProjectId [none]
[debug] [2025-08-11T12:35:36.703Z] >>> [apiv2][body] POST https://firebase.googleapis.com/v1/projects:checkProjectId {"proposedId":"JumpStart Smart IoT Home"}
[debug] [2025-08-11T12:35:41.124Z] <<< [apiv2][status] POST https://firebase.googleapis.com/v1/projects:checkProjectId 200
[debug] [2025-08-11T12:35:41.124Z] <<< [apiv2][body] POST https://firebase.googleapis.com/v1/projects:checkProjectId {"projectIdStatus":"PROJECT_ID_NOT_VALID","suggestedProjectId":"jumpstart-smart-iot-home"}
[debug] [2025-08-11T12:36:16.445Z] Checked if tokens are valid: true, expires at: 1754918706150
[debug] [2025-08-11T12:36:16.446Z] Checked if tokens are valid: true, expires at: 1754918706150
[debug] [2025-08-11T12:36:16.447Z] >>> [apiv2][query] POST https://firebase.googleapis.com/v1/projects:checkProjectId [none]
[debug] [2025-08-11T12:36:16.447Z] >>> [apiv2][body] POST https://firebase.googleapis.com/v1/projects:checkProjectId {"proposedId":"JumpStart_Smart_IOT_HOME"}
[debug] [2025-08-11T12:36:18.648Z] <<< [apiv2][status] POST https://firebase.googleapis.com/v1/projects:checkProjectId 400
[debug] [2025-08-11T12:36:18.648Z] <<< [apiv2][body] POST https://firebase.googleapis.com/v1/projects:checkProjectId {"error":{"code":400,"message":"Request contains an invalid argument.","status":"INVALID_ARGUMENT"}}
[debug] [2025-08-11T12:36:18.649Z] Couldn't check if project ID JumpStart_Smart_IOT_HOME is available. Original error: FirebaseError: Failed to check if project ID is available. See firebase-debug.log for more info.
[debug] [2025-08-11T12:36:41.798Z] Checked if tokens are valid: true, expires at: 1754918706150
[debug] [2025-08-11T12:36:41.798Z] Checked if tokens are valid: true, expires at: 1754918706150
[debug] [2025-08-11T12:36:41.798Z] >>> [apiv2][query] POST https://cloudresourcemanager.googleapis.com/v1/projects [none]
[debug] [2025-08-11T12:36:41.798Z] >>> [apiv2][body] POST https://cloudresourcemanager.googleapis.com/v1/projects {"projectId":"JumpStart_Smart_IOT_HOME","name":"Jump"}
[debug] [2025-08-11T12:36:44.212Z] <<< [apiv2][status] POST https://cloudresourcemanager.googleapis.com/v1/projects 400
[debug] [2025-08-11T12:36:44.212Z] <<< [apiv2][body] POST https://cloudresourcemanager.googleapis.com/v1/projects {"error":{"code":400,"message":"field [project_id] has issue [project_id contains invalid characters]","status":"INVALID_ARGUMENT","details":[{"@type":"type.googleapis.com/google.rpc.BadRequest","fieldViolations":[{"field":"project_id","description":"project_id contains invalid characters"}]},{"@type":"type.googleapis.com/google.rpc.Help","links":[{"url":"https://cloud.google.com/resource-manager/reference/rest/v1/projects"}]}]}}
[debug] [2025-08-11T12:36:47.962Z] FirebaseError: Request to https://cloudresourcemanager.googleapis.com/v1/projects had HTTP Error: 400, field [project_id] has issue [project_id contains invalid characters]
    at responseToError (C:\Users\Warona\AppData\Roaming\npm\node_modules\firebase-tools\lib\responseToError.js:52:12)
    at RetryOperation._fn (C:\Users\Warona\AppData\Roaming\npm\node_modules\firebase-tools\lib\apiv2.js:312:77)
    at process.processTicksAndRejections (node:internal/process/task_queues:105:5)
[error] 
[error] Error: Failed to create project. See firebase-debug.log for more info.
[debug] [2025-08-11T12:37:00.776Z] ----------------------------------------------------------------------
[debug] [2025-08-11T12:37:00.779Z] Command:       C:\Program Files\nodejs\node.exe C:\Users\Warona\AppData\Roaming\npm\node_modules\firebase-tools\lib\bin\firebase.js init hosting
[debug] [2025-08-11T12:37:00.779Z] CLI Version:   14.12.0
[debug] [2025-08-11T12:37:00.779Z] Platform:      win32
[debug] [2025-08-11T12:37:00.780Z] Node Version:  v22.15.1
[debug] [2025-08-11T12:37:00.780Z] Time:          Mon Aug 11 2025 14:37:00 GMT+0200 (South Africa Standard Time)
[debug] [2025-08-11T12:37:00.780Z] ----------------------------------------------------------------------
[debug] 
[debug] [2025-08-11T12:37:00.786Z] > command requires scopes: ["email","openid","https://www.googleapis.com/auth/cloudplatformprojects.readonly","https://www.googleapis.com/auth/firebase","https://www.googleapis.com/auth/cloud-platform"]
[debug] [2025-08-11T12:37:00.786Z] > authorizing via signed-in user (tshepisomakuoa02@gmail.com)
[info] 
     ######## #### ########  ######## ########     ###     ######  ########
     ##        ##  ##     ## ##       ##     ##  ##   ##  ##       ##
     ######    ##  ########  ######   ########  #########  ######  ######
     ##        ##  ##    ##  ##       ##     ## ##     ##       ## ##
     ##       #### ##     ## ######## ########  ##     ##  ######  ########

You're about to initialize a Firebase project in this directory:

  C:\Users\Warona\FinalIrrigation

[info] 
=== Project Setup
[info] 
[info] First, let's associate this project directory with a Firebase project.
[info] You can create multiple project aliases by running firebase use --add, 
[info] but for now we'll just set up a default project.
[info] 
